<?xml version="1.0" encoding="UTF-8"?>
<!-- Generated by org.testng.reporters.JUnitReportReporter -->
<testsuite hostname="DESKTOP-98O5IH4" failures="0" tests="4" name="testClasses.LoginPageTestClass" time="124.955" errors="0" timestamp="2024-12-26T19:21:58 IST" skipped="0">
  <testcase classname="testClasses.LoginPageTestClass" name="verifyUnsuccessfullLogin" time="29.540"/>
  <testcase classname="testClasses.LoginPageTestClass" name="verifyUnsuccessfullLogin" time="29.391"/>
  <testcase classname="testClasses.LoginPageTestClass" name="verifyUnsuccessfullLogin" time="30.737"/>
  <testcase classname="testClasses.LoginPageTestClass" name="verifySuccessfulLogin" time="35.287"/>
</testsuite> <!-- testClasses.LoginPageTestClass -->
