<?xml version="1.0" encoding="UTF-8"?>
<!-- Generated by org.testng.reporters.JUnitReportReporter -->
<testsuite hostname="DESKTOP-98O5IH4" failures="0" tests="2" name="testClasses.ProductListTestClass" time="90.445" errors="0" timestamp="2024-12-26T19:21:58 IST" skipped="0">
  <testcase classname="testClasses.ProductListTestClass" name="verifyToCreateAnewProduct" time="42.407"/>
  <testcase classname="testClasses.ProductListTestClass" name="verifyToDeleteTheAddedProduct" time="48.038"/>
</testsuite> <!-- testClasses.ProductListTestClass -->
