<?xml version="1.0" encoding="UTF-8"?>
<!-- Generated by org.testng.reporters.JUnitReportReporter -->
<testsuite hostname="DESKTOP-98O5IH4" failures="0" tests="2" name="testClasses.HomePageTestClass" time="86.033" errors="0" timestamp="2024-12-26T19:21:58 IST" skipped="1">
  <testcase classname="testClasses.HomePageTestClass" name="verifySuccessfulSignOut" time="44.643">
    <skipped/>
  </testcase> <!-- verifySuccessfulSignOut -->
  <testcase classname="testClasses.HomePageTestClass" name="verifySuccessfulSignOut" time="41.390"/>
</testsuite> <!-- testClasses.HomePageTestClass -->
