<?xml version="1.0" encoding="UTF-8"?>
<!-- Generated by org.testng.reporters.JUnitReportReporter -->
<testsuite hostname="DESKTOP-98O5IH4" failures="0" tests="1" name="testClasses.ManageUserTestClass" time="51.447" errors="0" timestamp="2024-12-26T19:21:58 IST" skipped="0">
  <testcase classname="testClasses.ManageUserTestClass" name="addANewUser" time="51.447"/>
</testsuite> <!-- testClasses.ManageUserTestClass -->
